<?xml version="1.0" encoding="UTF-8"?>
<!-- Generated by org.testng.reporters.JUnitXMLReporter -->
<testsuite ignored="24" hostname="DESKTOP-A6LNTTJ" failures="0" tests="1" name="Default test" time="126.56" errors="0" timestamp="2023-05-22T14:02:09 IST">
  <testcase classname="UserManagementTest.UserManagementOAdminTest" name="validateEditDataOperator" time="126.326"/>
  <testcase classname="UserManagementTest.UserManagementOAdminTest" name="validateOperationDeletion" time="0.0">
    <ignored/>
  </testcase> <!-- validateOperationDeletion -->
  <testcase classname="UserManagementTest.UserManagementOAdminTest" name="validateTeacherCreation" time="0.0">
    <ignored/>
  </testcase> <!-- validateTeacherCreation -->
  <testcase classname="UserManagementTest.UserManagementOAdminTest" name="validateTeacherGrowthSummary" time="0.0">
    <ignored/>
  </testcase> <!-- validateTeacherGrowthSummary -->
  <testcase classname="UserManagementTest.UserManagementOAdminTest" name="validateStudentGrowthSummary" time="0.0">
    <ignored/>
  </testcase> <!-- validateStudentGrowthSummary -->
  <testcase classname="UserManagementTest.UserManagementOAdminTest" name="userCreations" time="0.0">
    <ignored/>
  </testcase> <!-- userCreations -->
  <testcase classname="UserManagementTest.UserManagementOAdminTest" name="validateEditStudentProfile" time="0.0">
    <ignored/>
  </testcase> <!-- validateEditStudentProfile -->
  <testcase classname="UserManagementTest.UserManagementOAdminTest" name="validateOperationGrowthSummary" time="0.0">
    <ignored/>
  </testcase> <!-- validateOperationGrowthSummary -->
  <testcase classname="UserManagementTest.UserManagementOAdminTest" name="validateRegistrationRequestsPage" time="0.0">
    <ignored/>
  </testcase> <!-- validateRegistrationRequestsPage -->
  <testcase classname="UserManagementTest.UserManagementOAdminTest" name="validateSortingTeacherandSearch" time="0.0">
    <ignored/>
  </testcase> <!-- validateSortingTeacherandSearch -->
  <testcase classname="UserManagementTest.UserManagementOAdminTest" name="validateEditTeacher" time="0.0">
    <ignored/>
  </testcase> <!-- validateEditTeacher -->
  <testcase classname="UserManagementTest.UserManagementOAdminTest" name="validateStudentCreation" time="0.0">
    <ignored/>
  </testcase> <!-- validateStudentCreation -->
  <testcase classname="UserManagementTest.UserManagementOAdminTest" name="validateUserManagementPage" time="0.0">
    <ignored/>
  </testcase> <!-- validateUserManagementPage -->
  <testcase classname="UserManagementTest.UserManagementOAdminTest" name="validateDataOperatorGrowthSummary" time="0.0">
    <ignored/>
  </testcase> <!-- validateDataOperatorGrowthSummary -->
  <testcase classname="UserManagementTest.UserManagementOAdminTest" name="validateDataOperatorCreation" time="0.0">
    <ignored/>
  </testcase> <!-- validateDataOperatorCreation -->
  <testcase classname="UserManagementTest.UserManagementOAdminTest" name="validateStudentDeletion" time="0.0">
    <ignored/>
  </testcase> <!-- validateStudentDeletion -->
  <testcase classname="UserManagementTest.UserManagementOAdminTest" name="validateOperationCreation" time="0.0">
    <ignored/>
  </testcase> <!-- validateOperationCreation -->
  <testcase classname="UserManagementTest.UserManagementOAdminTest" name="validateSortingOperationandSearch" time="0.0">
    <ignored/>
  </testcase> <!-- validateSortingOperationandSearch -->
  <testcase classname="UserManagementTest.UserManagementOAdminTest" name="ChangeUsers" time="0.0">
    <ignored/>
  </testcase> <!-- ChangeUsers -->
  <testcase classname="UserManagementTest.UserManagementOAdminTest" name="validateDataOperatorDeletion" time="0.0">
    <ignored/>
  </testcase> <!-- validateDataOperatorDeletion -->
  <testcase classname="UserManagementTest.UserManagementOAdminTest" name="registrationRequestsApprovals" time="0.0">
    <ignored/>
  </testcase> <!-- registrationRequestsApprovals -->
  <testcase classname="UserManagementTest.UserManagementOAdminTest" name="validateEditOperation" time="0.0">
    <ignored/>
  </testcase> <!-- validateEditOperation -->
  <testcase classname="UserManagementTest.UserManagementOAdminTest" name="validateTeacherDeletion" time="0.0">
    <ignored/>
  </testcase> <!-- validateTeacherDeletion -->
  <testcase classname="UserManagementTest.UserManagementOAdminTest" name="validateUnassignedViewAllPage" time="0.0">
    <ignored/>
  </testcase> <!-- validateUnassignedViewAllPage -->
  <testcase classname="UserManagementTest.UserManagementOAdminTest" name="validateSortingDataOperatorandSearch" time="0.0">
    <ignored/>
  </testcase> <!-- validateSortingDataOperatorandSearch -->
</testsuite> <!-- Default test -->
