<?xml version="1.0" encoding="UTF-8"?>
<testng-results ignored="24" total="25" passed="1" failed="0" skipped="0">
  <reporter-output>
  </reporter-output>
  <suite started-at="2023-05-22T14:00:02 IST" name="Default suite" finished-at="2023-05-22T14:02:09 IST" duration-ms="126560">
    <groups>
    </groups>
    <test started-at="2023-05-22T14:00:02 IST" name="Default test" finished-at="2023-05-22T14:02:09 IST" duration-ms="126560">
      <class name="UserManagementTest.UserManagementOAdminTest">
        <test-method is-config="true" signature="setup()[pri:0, instance:UserManagementTest.UserManagementOAdminTest@28261e8e]" started-at="2023-05-22T13:57:31 IST" name="setup" finished-at="2023-05-22T14:00:02 IST" duration-ms="151147" status="PASS">
          <reporter-output>
          </reporter-output>
        </test-method> <!-- setup -->
        <test-method signature="validateEditDataOperator()[pri:11, instance:UserManagementTest.UserManagementOAdminTest@28261e8e]" started-at="2023-05-22T14:00:02 IST" name="validateEditDataOperator" finished-at="2023-05-22T14:02:09 IST" duration-ms="126326" status="PASS">
          <reporter-output>
          </reporter-output>
        </test-method> <!-- validateEditDataOperator -->
      </class> <!-- UserManagementTest.UserManagementOAdminTest -->
    </test> <!-- Default test -->
  </suite> <!-- Default suite -->
</testng-results>
